
**** Build of configuration Debug for project lab1 ****

/Applications/ti/ccsv7/utils/bin/gmake -k -j 3 all -O 
Building file: ../main.c
Invoking: MSP432 Compiler
"/Applications/ti/ccsv7/tools/compiler/ti-cgt-arm_16.9.3.LTS/bin/armcl" -mv7M4 --code_state=16 --float_support=FPv4SPD16 -me --include_path="/Applications/ti/ccsv7/ccs_base/arm/include" --include_path="/Applications/ti/ccsv7/ccs_base/arm/include/CMSIS" --include_path="/Users/andyhsu/Documents/workspace/lab1" --include_path="/Applications/ti/ccsv7/tools/compiler/ti-cgt-arm_16.9.3.LTS/include" --advice:power="all" --define=__MSP432P401R__ --define=ccs -g --gcc --diag_warning=225 --diag_wrap=off --display_error_number --abi=eabi --preproc_with_compile --preproc_dependency="main.d"  "../main.c"

>> Compilation failure
subdir_rules.mk:14: recipe for target 'main.obj' failed
"../main.c", line 35: warning #225-D: function "make_square_wave" declared implicitly
"../main.c", line 35: error #66: expected a ";"
"../main.c", line 48: warning #12-D: parsing restarts here after previous syntax error
"../main.c", line 16: warning #179-D: variable "count" was declared but never referenced
"../main.c", line 17: warning #179-D: variable "i" was declared but never referenced
"../main.c", line 19: warning #179-D: variable "p1in" was declared but never referenced
1 error detected in the compilation of "../main.c".
gmake: *** [main.obj] Error 1
gmake: Target 'all' not remade because of errors.

**** Build Finished ****
