
**** Build of configuration Debug for project lab3 ****

/Applications/ti/ccsv7/utils/bin/gmake -k -j 3 all -O 
Building file: ../main.c
Invoking: MSP432 Compiler
"/Applications/ti/ccsv7/tools/compiler/ti-cgt-arm_16.9.3.LTS/bin/armcl" -mv7M4 --code_state=16 --float_support=FPv4SPD16 -me --include_path="/Applications/ti/ccsv7/ccs_base/arm/include" --include_path="/Applications/ti/ccsv7/ccs_base/arm/include/CMSIS" --include_path="/Users/andyhsu/Documents/workspace/lab3" --include_path="/Applications/ti/ccsv7/tools/compiler/ti-cgt-arm_16.9.3.LTS/include" --advice:power=all --define=__MSP432P401R__ --define=ccs -g --gcc --diag_warning=225 --diag_wrap=off --display_error_number --abi=eabi --preproc_with_compile --preproc_dependency="main.d"  "../main.c"

>> Compilation failure
subdir_rules.mk:21: recipe for target 'main.obj' failed
"../main.c", line 28: warning #169-D: argument of type "CircBuf_t *" is incompatible with parameter of type "CircBuf_t **"
"../main.c", line 34: warning #169-D: argument of type "char *" is incompatible with parameter of type "uint8_t"
"../main.c", line 35: error #169: argument of type "float" is incompatible with parameter of type "CircBuf_t *"
"../main.c", line 35: error #167: too few arguments in function call
"../main.c", line 38: warning #169-D: argument of type "CircBuf_t *" is incompatible with parameter of type "uint8_t *"
2 errors detected in the compilation of "../main.c".
gmake: *** [main.obj] Error 1
Building file: ../Lab3.c
Invoking: MSP432 Compiler
"/Applications/ti/ccsv7/tools/compiler/ti-cgt-arm_16.9.3.LTS/bin/armcl" -mv7M4 --code_state=16 --float_support=FPv4SPD16 -me --include_path="/Applications/ti/ccsv7/ccs_base/arm/include" --include_path="/Applications/ti/ccsv7/ccs_base/arm/include/CMSIS" --include_path="/Users/andyhsu/Documents/workspace/lab3" --include_path="/Applications/ti/ccsv7/tools/compiler/ti-cgt-arm_16.9.3.LTS/include" --advice:power=all --define=__MSP432P401R__ --define=ccs -g --gcc --diag_warning=225 --diag_wrap=off --display_error_number --abi=eabi --preproc_with_compile --preproc_dependency="Lab3.d"  "../Lab3.c"

>> Compilation failure
subdir_rules.mk:7: recipe for target 'Lab3.obj' failed
"../Lab3.c", line 28: error #20: identifier "val" is undefined
"../Lab3.c", line 41: warning #225-D: function "intToStr" declared implicitly
1 error detected in the compilation of "../Lab3.c".
gmake: *** [Lab3.obj] Error 1
gmake: Target 'all' not remade because of errors.

**** Build Finished ****
